<?xml version="1.0" encoding="UTF-8" ?>
<testsuite tests="10" failures="0" name="br.edu.ifpr.paranavai.armarios.controller.TestLoginController" time="0.01" errors="0" skipped="0">
  <properties>
[...]
</properties>
  <testcase classname="br.edu.ifpr.paranavai.armarios.controller.TestLoginController" name="loginCPFNuloTest" time="0.005"/>
  <testcase classname="br.edu.ifpr.paranavai.armarios.controller.TestLoginController" name="loginTest" time="0.005"/>
  <testcase classname="br.edu.ifpr.paranavai.armarios.controller.TestLoginController" name="loginSenhaNulaTest" time="0"/>
  <testcase classname="br.edu.ifpr.paranavai.armarios.controller.TestLoginController" name="loginCPFTest" time="0"/>
  <testcase classname="br.edu.ifpr.paranavai.armarios.controller.TestLoginController" name="loginRaNuloTest" time="0"/>
  <testcase classname="br.edu.ifpr.paranavai.armarios.controller.TestLoginController" name="loginCPFSenhaNulaTest" time="0"/>
  <testcase classname="br.edu.ifpr.paranavai.armarios.controller.TestLoginController" name="loginCPFSenhaInvalidaTest" time="0"/>
  <testcase classname="br.edu.ifpr.paranavai.armarios.controller.TestLoginController" name="loginSenhaInvalidaTest" time="0"/>
  <testcase classname="br.edu.ifpr.paranavai.armarios.controller.TestLoginController" name="loginRaInvalidoTest" time="0"/>
  <testcase classname="br.edu.ifpr.paranavai.armarios.controller.TestLoginController" name="loginCPFInvalidoTest" time="0"/>
</testsuite>